c:\users\hunter barton\documents\visual studio 2017\projects\graphics_project\impl\debug\vc141.pdb
c:\users\hunter barton\documents\visual studio 2017\projects\graphics_project\impl\debug\vc141.idb
c:\users\hunter barton\documents\visual studio 2017\projects\graphics_project\impl\debug\top.obj
c:\users\hunter barton\documents\visual studio 2017\projects\graphics_project\impl\debug\surface.obj
c:\users\hunter barton\documents\visual studio 2017\projects\graphics_project\impl\debug\drawingcontext.obj
c:\users\hunter barton\documents\visual studio 2017\projects\graphics_project\out\ctxgraf.lib
c:\users\hunter barton\documents\visual studio 2017\projects\graphics_project\out\ctxgraf.exp
c:\users\hunter barton\documents\visual studio 2017\projects\graphics_project\out\ctxgraf.ilk
c:\users\hunter barton\documents\visual studio 2017\projects\graphics_project\out\ctxgraf.dll
c:\users\hunter barton\documents\visual studio 2017\projects\graphics_project\out\ctxgraf.pdb
c:\users\hunter barton\documents\visual studio 2017\projects\graphics_project\ctxgraf\..\out\ctxgraf.pdb
c:\users\hunter barton\documents\visual studio 2017\projects\graphics_project\ctxgraf\..\out\ctxgraf.dll
c:\users\hunter barton\documents\visual studio 2017\projects\graphics_project\ctxgraf\..\out\ctxgraf.ilk
c:\users\hunter barton\documents\visual studio 2017\projects\graphics_project\impl\debug\impl.tlog\cl.command.1.tlog
c:\users\hunter barton\documents\visual studio 2017\projects\graphics_project\impl\debug\impl.tlog\cl.read.1.tlog
c:\users\hunter barton\documents\visual studio 2017\projects\graphics_project\impl\debug\impl.tlog\cl.write.1.tlog
c:\users\hunter barton\documents\visual studio 2017\projects\graphics_project\impl\debug\impl.tlog\impl.write.1u.tlog
c:\users\hunter barton\documents\visual studio 2017\projects\graphics_project\impl\debug\impl.tlog\link.command.1.tlog
c:\users\hunter barton\documents\visual studio 2017\projects\graphics_project\impl\debug\impl.tlog\link.read.1.tlog
c:\users\hunter barton\documents\visual studio 2017\projects\graphics_project\impl\debug\impl.tlog\link.write.1.tlog
